<?xml version="1.0" encoding="UTF-8"?>
<coverage generated="1548438498">
  <project timestamp="1548438498">
    <package name="Mindedge\Blade">
      <file name="/Users/mmcgrath/www/blade/src/Application.php">
        <class name="Mindedge\Blade\Application" namespace="Mindedge\Blade">
          <metrics complexity="39" methods="16" coveredmethods="0" conditionals="0" coveredconditionals="0" statements="84" coveredstatements="0" elements="100" coveredelements="0"/>
        </class>
        <line num="72" type="method" name="__construct" visibility="public" complexity="1" crap="2.00" count="0"/>
        <line num="75" type="stmt" count="0"/>
        <line num="76" type="stmt" count="0"/>
        <line num="77" type="stmt" count="0"/>
        <line num="84" type="method" name="bootstrapContainer" visibility="protected" complexity="1" crap="2.00" count="0"/>
        <line num="86" type="stmt" count="0"/>
        <line num="88" type="stmt" count="0"/>
        <line num="89" type="stmt" count="0"/>
        <line num="91" type="stmt" count="0"/>
        <line num="93" type="stmt" count="0"/>
        <line num="95" type="stmt" count="0"/>
        <line num="97" type="stmt" count="0"/>
        <line num="98" type="stmt" count="0"/>
        <line num="107" type="method" name="environment" visibility="public" complexity="5" crap="30.00" count="0"/>
        <line num="109" type="stmt" count="0"/>
        <line num="111" type="stmt" count="0"/>
        <line num="112" type="stmt" count="0"/>
        <line num="114" type="stmt" count="0"/>
        <line num="115" type="stmt" count="0"/>
        <line num="116" type="stmt" count="0"/>
        <line num="120" type="stmt" count="0"/>
        <line num="123" type="stmt" count="0"/>
        <line num="132" type="method" name="registerViewBindings" visibility="protected" complexity="1" crap="2.00" count="0"/>
        <line num="135" type="stmt" count="0"/>
        <line num="136" type="stmt" count="0"/>
        <line num="137" type="stmt" count="0"/>
        <line num="147" type="method" name="loadComponent" visibility="public" complexity="3" crap="12.00" count="0"/>
        <line num="149" type="stmt" count="0"/>
        <line num="151" type="stmt" count="0"/>
        <line num="152" type="stmt" count="0"/>
        <line num="155" type="stmt" count="0"/>
        <line num="161" type="method" name="registerConfigBindings" visibility="protected" complexity="1" crap="2.00" count="0"/>
        <line num="164" type="stmt" count="0"/>
        <line num="165" type="stmt" count="0"/>
        <line num="166" type="stmt" count="0"/>
        <line num="171" type="method" name="configure" visibility="public" complexity="3" crap="12.00" count="0"/>
        <line num="174" type="stmt" count="0"/>
        <line num="175" type="stmt" count="0"/>
        <line num="178" type="stmt" count="0"/>
        <line num="180" type="stmt" count="0"/>
        <line num="182" type="stmt" count="0"/>
        <line num="183" type="stmt" count="0"/>
        <line num="186" type="stmt" count="0"/>
        <line num="196" type="method" name="make" visibility="public" complexity="4" crap="20.00" count="0"/>
        <line num="198" type="stmt" count="0"/>
        <line num="200" type="stmt" count="0"/>
        <line num="201" type="stmt" count="0"/>
        <line num="202" type="stmt" count="0"/>
        <line num="203" type="stmt" count="0"/>
        <line num="205" type="stmt" count="0"/>
        <line num="208" type="stmt" count="0"/>
        <line num="217" type="method" name="basePath" visibility="public" complexity="4" crap="20.00" count="0"/>
        <line num="219" type="stmt" count="0"/>
        <line num="220" type="stmt" count="0"/>
        <line num="223" type="stmt" count="0"/>
        <line num="224" type="stmt" count="0"/>
        <line num="226" type="stmt" count="0"/>
        <line num="229" type="stmt" count="0"/>
        <line num="240" type="method" name="getConfigurationPath" visibility="public" complexity="6" crap="42.00" count="0"/>
        <line num="242" type="stmt" count="0"/>
        <line num="243" type="stmt" count="0"/>
        <line num="245" type="stmt" count="0"/>
        <line num="246" type="stmt" count="0"/>
        <line num="247" type="stmt" count="0"/>
        <line num="248" type="stmt" count="0"/>
        <line num="251" type="stmt" count="0"/>
        <line num="252" type="stmt" count="0"/>
        <line num="253" type="stmt" count="0"/>
        <line num="254" type="stmt" count="0"/>
        <line num="255" type="stmt" count="0"/>
        <line num="258" type="stmt" count="0"/>
        <line num="260" type="method" name="register" visibility="public" complexity="5" crap="30.00" count="0"/>
        <line num="263" type="stmt" count="0"/>
        <line num="264" type="stmt" count="0"/>
        <line num="267" type="stmt" count="0"/>
        <line num="268" type="stmt" count="0"/>
        <line num="271" type="stmt" count="0"/>
        <line num="273" type="stmt" count="0"/>
        <line num="274" type="stmt" count="0"/>
        <line num="277" type="stmt" count="0"/>
        <line num="278" type="stmt" count="0"/>
        <line num="280" type="stmt" count="0"/>
        <line num="282" type="method" name="registerFilesBindings" visibility="protected" complexity="1" crap="2.00" count="0"/>
        <line num="285" type="stmt" count="0"/>
        <line num="286" type="stmt" count="0"/>
        <line num="287" type="stmt" count="0"/>
        <line num="294" type="method" name="registerFilesystemBindings" visibility="protected" complexity="1" crap="2.00" count="0"/>
        <line num="297" type="stmt" count="0"/>
        <line num="298" type="stmt" count="0"/>
        <line num="299" type="stmt" count="0"/>
        <line num="301" type="method" name="registerEventBindings" visibility="protected" complexity="1" crap="2.00" count="0"/>
        <line num="304" type="stmt" count="0"/>
        <line num="306" type="stmt" count="0"/>
        <line num="307" type="stmt" count="0"/>
        <line num="308" type="stmt" count="0"/>
        <line num="315" type="method" name="path" visibility="public" complexity="1" crap="2.00" count="0"/>
        <line num="317" type="stmt" count="0"/>
        <line num="325" type="method" name="registerContainerAliases" visibility="protected" complexity="1" crap="2.00" count="0"/>
        <line num="327" type="stmt" count="0"/>
        <line num="335" type="stmt" count="0"/>
        <metrics loc="344" ncloc="235" classes="1" methods="16" coveredmethods="0" conditionals="0" coveredconditionals="0" statements="84" coveredstatements="0" elements="100" coveredelements="0"/>
      </file>
    </package>
    <metrics files="1" loc="344" ncloc="235" classes="1" methods="16" coveredmethods="0" conditionals="0" coveredconditionals="0" statements="84" coveredstatements="0" elements="100" coveredelements="0"/>
  </project>
</coverage>
